app/build/outputs/logs/manifest-merger-debug-report.txt
-- Merging decision tree log ---
manifest
ADDED from AndroidManifest.xml:2:1
	xmlns:android
		ADDED from AndroidManifest.xml:2:11
	package
		ADDED from AndroidManifest.xml:3:3
		INJECTED from AndroidManifest.xml:0:0
		INJECTED from AndroidManifest.xml:0:0
	android:versionName
		ADDED from AndroidManifest.xml:5:3
	android:versionCode
		ADDED from AndroidManifest.xml:4:3
		INJECTED from AndroidManifest.xml:0:0
		INJECTED from AndroidManifest.xml:0:0
uses-sdk
ADDED from AndroidManifest.xml:7:3
	android:targetSdkVersion
		ADDED from AndroidManifest.xml:7:13
application
ADDED from AndroidManifest.xml:9:3
	android:label
		ADDED from AndroidManifest.xml:11:5
	android:icon
		ADDED from AndroidManifest.xml:10:5
receiver#com.paad.mediaplayer.MediaControlReceiver
ADDED from AndroidManifest.xml:14:2
	android:name
		ADDED from AndroidManifest.xml:14:12
intent-filter#android.intent.action.MEDIA_BUTTON
ADDED from AndroidManifest.xml:15:4
action#android.intent.action.MEDIA_BUTTON
ADDED from AndroidManifest.xml:16:6
	android:name
		ADDED from AndroidManifest.xml:16:14
activity#com.paad.mediaplayer.AudioPlayerActivity
ADDED from AndroidManifest.xml:20:5
	android:label
		ADDED from AndroidManifest.xml:21:7
	android:name
		ADDED from AndroidManifest.xml:22:7
intent-filter#android.intent.action.MAIN+android.intent.category.LAUNCHER
ADDED from AndroidManifest.xml:23:7
action#android.intent.action.MAIN
ADDED from AndroidManifest.xml:24:9
	android:name
		ADDED from AndroidManifest.xml:24:17
category#android.intent.category.LAUNCHER
ADDED from AndroidManifest.xml:25:9
	android:name
		ADDED from AndroidManifest.xml:25:19
activity#com.paad.mediaplayer.SurfaceViewVideoViewActivity
ADDED from AndroidManifest.xml:29:5
	android:label
		ADDED from AndroidManifest.xml:30:7
	android:name
		ADDED from AndroidManifest.xml:31:7
activity#com.paad.mediaplayer.VideoViewActivity
ADDED from AndroidManifest.xml:38:5
	android:label
		ADDED from AndroidManifest.xml:39:7
	android:name
		ADDED from AndroidManifest.xml:40:7
activity#com.paad.mediaplayer.SoundPoolActivity
ADDED from AndroidManifest.xml:47:5
	android:label
		ADDED from AndroidManifest.xml:47:48
	android:name
		ADDED from AndroidManifest.xml:47:15